<?xml version="1.0" encoding="UTF-8"?>
<testsuite xmlns:xsi="http://www.w3.org/2001/XMLSchema-instance" xsi:noNamespaceSchemaLocation="https://maven.apache.org/surefire/maven-surefire-plugin/xsd/surefire-test-report-3.0.xsd" version="3.0" name="it.apuliadigital.anagraficaClient.AnagraficaClientApplicationTests" time="9.983" tests="1" errors="0" skipped="0" failures="0">
  <properties>
[...]
</properties>
  <testcase name="contextLoads" classname="it.apuliadigital.anagraficaClient.AnagraficaClientApplicationTests" time="4.553">
    <system-out><![CDATA[22:59:45.582 [main] INFO org.springframework.test.context.support.AnnotationConfigContextLoaderUtils -- Could not detect default configuration classes for test class [it.apuliadigital.anagraficaClient.AnagraficaClientApplicationTests]: AnagraficaClientApplicationTests does not declare any static, non-private, non-final, nested classes annotated with @Configuration.
22:59:45.815 [main] INFO org.springframework.boot.test.context.SpringBootTestContextBootstrapper -- Found @SpringBootConfiguration it.apuliadigital.anagraficaClient.AnagraficaClientApplication for test class it.apuliadigital.anagraficaClient.AnagraficaClientApplicationTests

  .   ____          _            __ _ _
 /\\ / ___'_ __ _ _(_)_ __  __ _ \ \ \ \
( ( )\___ | '_ | '_| | '_ \/ _` | \ \ \ \
 \\/  ___)| |_)| | | | | || (_| |  ) ) ) )
  '  |____| .__|_| |_|_| |_\__, | / / / /
 =========|_|==============|___/=/_/_/_/

 :: Spring Boot ::                (v3.3.4)

2024-10-15T22:59:46.977+02:00  INFO 1504 --- [anagraficaClient] [           main] i.a.a.AnagraficaClientApplicationTests   : Starting AnagraficaClientApplicationTests using Java 17.0.12 with PID 1504 (started by filip in C:\Users\filip\JavaSpringExercises\anagraficaClient)
2024-10-15T22:59:46.981+02:00  INFO 1504 --- [anagraficaClient] [           main] i.a.a.AnagraficaClientApplicationTests   : No active profile set, falling back to 1 default profile: "default"
2024-10-15T22:59:50.580+02:00  INFO 1504 --- [anagraficaClient] [           main] i.a.a.AnagraficaClientApplicationTests   : Started AnagraficaClientApplicationTests in 4.375 seconds (process running for 6.626)
]]></system-out>
  </testcase>
</testsuite>